\BOOKMARK [1][-]{section.1}{\376\377\000E\000x\000e\000c\000u\000t\000i\000v\000e\000\040\000S\000u\000m\000m\000a\000r\000y}{}% 1
\BOOKMARK [1][-]{section.2}{\376\377\000S\000y\000s\000t\000e\000m\000\040\000A\000r\000c\000h\000i\000t\000e\000c\000t\000u\000r\000e}{}% 2
\BOOKMARK [1][-]{section.3}{\376\377\000N\000o\000o\000s\000p\000h\000e\000r\000e\000\040\000C\000o\000r\000e\000:\000\040\000M\000o\000d\000u\000l\000e\000-\000b\000y\000-\000M\000o\000d\000u\000l\000e}{}% 3
\BOOKMARK [2][-]{subsection.3.1}{\376\377\000D\000a\000t\000a\000\040\000M\000o\000d\000e\000l\000s\000\040\000\050\000m\000o\000d\000e\000l\000s\000.\000p\000y\000,\000\040\0002\0008\0000\000\040\000l\000i\000n\000e\000s\000\051}{section.3}% 4
\BOOKMARK [2][-]{subsection.3.2}{\376\377\000O\000r\000c\000h\000e\000s\000t\000r\000a\000t\000o\000r\000\040\000\050\000o\000r\000c\000h\000e\000s\000t\000r\000a\000t\000o\000r\000.\000p\000y\000,\000\040\0005\0000\0000\000\040\000l\000i\000n\000e\000s\000\051}{section.3}% 5
\BOOKMARK [2][-]{subsection.3.3}{\376\377\000I\000n\000g\000e\000s\000t\000e\000r\000\040\000\050\000i\000n\000g\000e\000s\000t\000e\000r\000.\000p\000y\000,\000\040\0003\0000\0000\000\040\000l\000i\000n\000e\000s\000\051}{section.3}% 6
\BOOKMARK [2][-]{subsection.3.4}{\376\377\000O\000n\000t\000o\000l\000o\000g\000y\000\040\000G\000r\000a\000p\000h\000\040\000\050\000o\000n\000t\000o\000l\000o\000g\000y\000.\000p\000y\000,\000\040\0004\0000\0000\000\040\000l\000i\000n\000e\000s\000\051}{section.3}% 7
\BOOKMARK [2][-]{subsection.3.5}{\376\377\000C\000o\000h\000e\000r\000e\000n\000c\000e\000\040\000E\000n\000g\000i\000n\000e\000\040\000\050\000c\000o\000h\000e\000r\000e\000n\000c\000e\000.\000p\000y\000,\000\040\0009\0000\0000\000\040\000l\000i\000n\000e\000s\000\051}{section.3}% 8
\BOOKMARK [2][-]{subsection.3.6}{\376\377\000E\000m\000b\000e\000d\000d\000i\000n\000g\000\040\000G\000e\000o\000m\000e\000t\000r\000y\000\040\000\050\000g\000e\000o\000m\000e\000t\000r\000y\000.\000p\000y\000,\000\040\0004\0000\0000\000\040\000l\000i\000n\000e\000s\000\051}{section.3}% 9
\BOOKMARK [2][-]{subsection.3.7}{\376\377\000T\000e\000m\000p\000o\000r\000a\000l\000\040\000T\000r\000a\000c\000k\000e\000r\000\040\000\050\000t\000e\000m\000p\000o\000r\000a\000l\000.\000p\000y\000,\000\040\0003\0000\0000\000\040\000l\000i\000n\000e\000s\000\051}{section.3}% 10
\BOOKMARK [2][-]{subsection.3.8}{\376\377\000I\000n\000f\000e\000r\000e\000n\000c\000e\000\040\000E\000n\000g\000i\000n\000e\000\040\000\050\000i\000n\000f\000e\000r\000e\000n\000c\000e\000.\000p\000y\000,\000\040\0004\0000\0000\000\040\000l\000i\000n\000e\000s\000\051}{section.3}% 11
\BOOKMARK [2][-]{subsection.3.9}{\376\377\000D\000i\000s\000c\000o\000u\000r\000s\000e\000\040\000C\000l\000a\000s\000s\000i\000f\000i\000e\000r\000\040\000\050\000c\000l\000a\000s\000s\000i\000f\000i\000e\000r\000.\000p\000y\000,\000\040\0002\0000\0000\000\040\000l\000i\000n\000e\000s\000\051}{section.3}% 12
\BOOKMARK [2][-]{subsection.3.10}{\376\377\000C\000o\000n\000c\000l\000u\000s\000i\000o\000n\000s\000\040\000R\000e\000g\000i\000s\000t\000r\000y\000\040\000\050\000c\000o\000n\000c\000l\000u\000s\000i\000o\000n\000s\000.\000p\000y\000,\000\040\0003\0000\0000\000\040\000l\000i\000n\000e\000s\000\051}{section.3}% 13
\BOOKMARK [2][-]{subsection.3.11}{\376\377\000M\000e\000t\000a\000-\000A\000n\000a\000l\000y\000s\000i\000s\000\040\000\050\000m\000e\000t\000a\000\137\000a\000n\000a\000l\000y\000s\000i\000s\000.\000p\000y\000,\000\040\0002\0000\0000\000\040\000l\000i\000n\000e\000s\000\051}{section.3}% 14
\BOOKMARK [2][-]{subsection.3.12}{\376\377\000F\000o\000u\000n\000d\000e\000r\000\040\000R\000e\000g\000i\000s\000t\000r\000y\000\040\000\050\000f\000o\000u\000n\000d\000e\000r\000s\000.\000p\000y\000,\000\040\0002\0000\0000\000\040\000l\000i\000n\000e\000s\000\051}{section.3}% 15
\BOOKMARK [2][-]{subsection.3.13}{\376\377\000S\000y\000n\000t\000h\000e\000s\000i\000s\000\040\000E\000n\000g\000i\000n\000e\000\040\000\050\000s\000y\000n\000t\000h\000e\000s\000i\000s\000.\000p\000y\000,\000\040\0005\0000\0000\000\040\000l\000i\000n\000e\000s\000\051}{section.3}% 16
\BOOKMARK [2][-]{subsection.3.14}{\376\377\000C\000L\000I\000\040\000\050\000c\000l\000i\000.\000p\000y\000,\000\040\0004\0000\0000\000\040\000l\000i\000n\000e\000s\000\051}{section.3}% 17
\BOOKMARK [1][-]{section.4}{\376\377\000F\000o\000u\000n\000d\000e\000r\000\040\000P\000o\000r\000t\000a\000l}{}% 18
\BOOKMARK [2][-]{subsection.4.1}{\376\377\000A\000r\000c\000h\000i\000t\000e\000c\000t\000u\000r\000e}{section.4}% 19
\BOOKMARK [2][-]{subsection.4.2}{\376\377\000D\000a\000t\000a\000b\000a\000s\000e\000\040\000S\000c\000h\000e\000m\000a}{section.4}% 20
\BOOKMARK [2][-]{subsection.4.3}{\376\377\000I\000n\000g\000e\000s\000t\000i\000o\000n\000\040\000P\000i\000p\000e\000l\000i\000n\000e}{section.4}% 21
\BOOKMARK [2][-]{subsection.4.4}{\376\377\000P\000a\000g\000e\000s}{section.4}% 22
\BOOKMARK [1][-]{section.5}{\376\377\000D\000i\000a\000l\000e\000c\000t\000i\000c\000:\000\040\000L\000i\000v\000e\000\040\000C\000o\000n\000v\000e\000r\000s\000a\000t\000i\000o\000n\000\040\000A\000n\000a\000l\000y\000s\000i\000s}{}% 23
\BOOKMARK [2][-]{subsection.5.1}{\376\377\000M\000o\000t\000i\000v\000a\000t\000i\000o\000n}{section.5}% 24
\BOOKMARK [2][-]{subsection.5.2}{\376\377\000A\000r\000c\000h\000i\000t\000e\000c\000t\000u\000r\000e}{section.5}% 25
\BOOKMARK [3][-]{subsubsection.5.2.1}{\376\377\000A\000u\000d\000i\000o\000\040\000E\000n\000g\000i\000n\000e\000\040\000\050\000a\000u\000d\000i\000o\000.\000p\000y\000\051}{subsection.5.2}% 26
\BOOKMARK [3][-]{subsubsection.5.2.2}{\376\377\000T\000r\000a\000n\000s\000c\000r\000i\000b\000e\000r\000\040\000\050\000t\000r\000a\000n\000s\000c\000r\000i\000b\000e\000r\000.\000p\000y\000\051}{subsection.5.2}% 27
\BOOKMARK [3][-]{subsubsection.5.2.3}{\376\377\000L\000i\000v\000e\000\040\000A\000n\000a\000l\000y\000z\000e\000r\000\040\000\050\000a\000n\000a\000l\000y\000z\000e\000r\000.\000p\000y\000\051}{subsection.5.2}% 28
\BOOKMARK [3][-]{subsubsection.5.2.4}{\376\377\000D\000a\000s\000h\000b\000o\000a\000r\000d\000\040\000\050\000d\000a\000s\000h\000b\000o\000a\000r\000d\000.\000p\000y\000\051}{subsection.5.2}% 29
\BOOKMARK [2][-]{subsection.5.3}{\376\377\000L\000a\000t\000e\000n\000c\000y\000\040\000B\000u\000d\000g\000e\000t}{section.5}% 30
\BOOKMARK [2][-]{subsection.5.4}{\376\377\000F\000u\000t\000u\000r\000e\000\040\000I\000n\000t\000e\000g\000r\000a\000t\000i\000o\000n}{section.5}% 31
\BOOKMARK [1][-]{section.6}{\376\377\000R\000e\000s\000e\000a\000r\000c\000h\000\040\000I\000n\000f\000r\000a\000s\000t\000r\000u\000c\000t\000u\000r\000e}{}% 32
\BOOKMARK [2][-]{subsection.6.1}{\376\377\000E\000m\000b\000e\000d\000d\000i\000n\000g\000\040\000G\000e\000o\000m\000e\000t\000r\000y\000\040\000C\000o\000n\000j\000e\000c\000t\000u\000r\000e}{section.6}% 33
\BOOKMARK [2][-]{subsection.6.2}{\376\377\000R\000e\000s\000e\000a\000r\000c\000h\000\040\000D\000o\000c\000u\000m\000e\000n\000t\000s}{section.6}% 34
\BOOKMARK [1][-]{section.7}{\376\377\000D\000e\000p\000e\000n\000d\000e\000n\000c\000y\000\040\000S\000t\000a\000c\000k}{}% 35
\BOOKMARK [2][-]{subsection.7.1}{\376\377\000N\000o\000o\000s\000p\000h\000e\000r\000e\000\040\000C\000o\000r\000e}{section.7}% 36
\BOOKMARK [2][-]{subsection.7.2}{\376\377\000F\000o\000u\000n\000d\000e\000r\000\040\000P\000o\000r\000t\000a\000l}{section.7}% 37
\BOOKMARK [2][-]{subsection.7.3}{\376\377\000D\000i\000a\000l\000e\000c\000t\000i\000c}{section.7}% 38
\BOOKMARK [1][-]{section.8}{\376\377\000P\000r\000o\000j\000e\000c\000t\000\040\000S\000t\000a\000t\000u\000s\000\040\000a\000n\000d\000\040\000R\000o\000a\000d\000m\000a\000p}{}% 39
\BOOKMARK [2][-]{subsection.8.1}{\376\377\000C\000u\000r\000r\000e\000n\000t\000\040\000S\000t\000a\000t\000e}{section.8}% 40
\BOOKMARK [2][-]{subsection.8.2}{\376\377\000I\000m\000m\000e\000d\000i\000a\000t\000e\000\040\000N\000e\000x\000t\000\040\000S\000t\000e\000p\000s}{section.8}% 41
\BOOKMARK [2][-]{subsection.8.3}{\376\377\000L\000o\000n\000g\000-\000T\000e\000r\000m\000\040\000V\000i\000s\000i\000o\000n}{section.8}% 42
