\BOOKMARK [1][-]{section.1}{\376\377\000R\000e\000c\000o\000r\000d\000i\000n\000g\000:\000\040\000C\000a\000p\000t\000u\000r\000i\000n\000g\000\040\000M\000u\000l\000t\000i\000-\000T\000r\000a\000c\000k\000\040\000A\000u\000d\000i\000o}{}% 1
\BOOKMARK [2][-]{subsection.1.1}{\376\377\000W\000h\000y\000\040\000M\000u\000l\000t\000i\000-\000T\000r\000a\000c\000k\000\040\000M\000a\000t\000t\000e\000r\000s}{section.1}% 2
\BOOKMARK [2][-]{subsection.1.2}{\376\377\000R\000e\000m\000o\000t\000e\000\040\000R\000e\000c\000o\000r\000d\000i\000n\000g\000\040\000P\000l\000a\000t\000f\000o\000r\000m\000s}{section.1}% 3
\BOOKMARK [3][-]{subsubsection.1.2.1}{\376\377\000R\000i\000v\000e\000r\000s\000i\000d\000e\000.\000f\000m}{subsection.1.2}% 4
\BOOKMARK [3][-]{subsubsection.1.2.2}{\376\377\000S\000q\000u\000a\000d\000C\000a\000s\000t}{subsection.1.2}% 5
\BOOKMARK [3][-]{subsubsection.1.2.3}{\376\377\000Z\000e\000n\000c\000a\000s\000t\000r}{subsection.1.2}% 6
\BOOKMARK [2][-]{subsection.1.3}{\376\377\000I\000n\000-\000P\000e\000r\000s\000o\000n\000\040\000H\000a\000r\000d\000w\000a\000r\000e}{section.1}% 7
\BOOKMARK [3][-]{subsubsection.1.3.1}{\376\377\000Z\000o\000o\000m\000\040\000P\000o\000d\000T\000r\000a\000k\000\040\000P\0004}{subsection.1.3}% 8
\BOOKMARK [3][-]{subsubsection.1.3.2}{\376\377\000R\000o\000d\000e\000c\000a\000s\000t\000e\000r\000\040\000P\000r\000o\000\040\0002}{subsection.1.3}% 9
\BOOKMARK [3][-]{subsubsection.1.3.3}{\376\377\000O\000B\000S\000\040\000S\000t\000u\000d\000i\000o}{subsection.1.3}% 10
\BOOKMARK [2][-]{subsection.1.4}{\376\377\000R\000e\000c\000o\000r\000d\000i\000n\000g\000\040\000B\000e\000s\000t\000\040\000P\000r\000a\000c\000t\000i\000c\000e\000s\000\040\000f\000o\000r\000\040\000E\000p\000i\000s\000t\000e\000m\000o\000l\000o\000g\000i\000c\000a\000l\000\040\000D\000i\000s\000c\000u\000s\000s\000i\000o\000n\000s}{section.1}% 11
\BOOKMARK [3][-]{subsubsection.1.4.1}{\376\377\000R\000o\000o\000m\000\040\000A\000c\000o\000u\000s\000t\000i\000c\000s}{subsection.1.4}% 12
\BOOKMARK [3][-]{subsubsection.1.4.2}{\376\377\000M\000i\000c\000r\000o\000p\000h\000o\000n\000e\000\040\000T\000e\000c\000h\000n\000i\000q\000u\000e}{subsection.1.4}% 13
\BOOKMARK [3][-]{subsubsection.1.4.3}{\376\377\000R\000e\000c\000o\000r\000d\000i\000n\000g\000\040\000F\000o\000r\000m\000a\000t}{subsection.1.4}% 14
\BOOKMARK [3][-]{subsubsection.1.4.4}{\376\377\000W\000h\000y\000\040\000M\000u\000l\000t\000i\000-\000T\000r\000a\000c\000k\000\040\000M\000a\000t\000t\000e\000r\000s\000\040\000\050\000R\000e\000p\000r\000i\000s\000e\000\051}{subsection.1.4}% 15
\BOOKMARK [2][-]{subsection.1.5}{\376\377\000R\000e\000c\000o\000m\000m\000e\000n\000d\000a\000t\000i\000o\000n}{section.1}% 16
\BOOKMARK [1][-]{section.2}{\376\377\000T\000r\000a\000n\000s\000c\000r\000i\000p\000t\000i\000o\000n\000:\000\040\000C\000o\000n\000v\000e\000r\000t\000i\000n\000g\000\040\000A\000u\000d\000i\000o\000\040\000t\000o\000\040\000T\000e\000x\000t\000\040\000w\000i\000t\000h\000\040\000S\000p\000e\000a\000k\000e\000r\000\040\000L\000a\000b\000e\000l\000s}{}% 17
\BOOKMARK [2][-]{subsection.2.1}{\376\377\000W\000h\000y\000\040\000S\000p\000e\000a\000k\000e\000r\000\040\000L\000a\000b\000e\000l\000s\000\040\000M\000a\000t\000t\000e\000r}{section.2}% 18
\BOOKMARK [2][-]{subsection.2.2}{\376\377\000A\000P\000I\000\040\000S\000e\000r\000v\000i\000c\000e\000s\000:\000\040\000C\000u\000r\000r\000e\000n\000t\000\040\000L\000a\000n\000d\000s\000c\000a\000p\000e\000\040\000\050\0002\0000\0002\0005\040\023\0002\0000\0002\0006\000\051}{section.2}% 19
\BOOKMARK [3][-]{subsubsection.2.2.1}{\376\377\000O\000p\000e\000n\000A\000I\000\040\000G\000P\000T\000-\0004\000o\000\040\000T\000r\000a\000n\000s\000c\000r\000i\000b\000e}{subsection.2.2}% 20
\BOOKMARK [3][-]{subsubsection.2.2.2}{\376\377\000D\000e\000e\000p\000g\000r\000a\000m\000\040\000N\000o\000v\000a\000-\0003}{subsection.2.2}% 21
\BOOKMARK [3][-]{subsubsection.2.2.3}{\376\377\000A\000s\000s\000e\000m\000b\000l\000y\000A\000I}{subsection.2.2}% 22
\BOOKMARK [3][-]{subsubsection.2.2.4}{\376\377\000A\000m\000a\000z\000o\000n\000\040\000T\000r\000a\000n\000s\000c\000r\000i\000b\000e}{subsection.2.2}% 23
\BOOKMARK [3][-]{subsubsection.2.2.5}{\376\377\000G\000o\000o\000g\000l\000e\000\040\000C\000l\000o\000u\000d\000\040\000S\000p\000e\000e\000c\000h\000-\000t\000o\000-\000T\000e\000x\000t\000\040\000v\0002\000\040\000\050\000C\000h\000i\000r\000p\000\040\0003\000\051}{subsection.2.2}% 24
\BOOKMARK [3][-]{subsubsection.2.2.6}{\376\377\000A\000p\000p\000l\000e\000\040\000S\000p\000e\000e\000c\000h\000A\000n\000a\000l\000y\000z\000e\000r\000\040\000\050\000W\000W\000D\000C\000\040\0002\0000\0002\0005\000\051}{subsection.2.2}% 25
\BOOKMARK [2][-]{subsection.2.3}{\376\377\000S\000e\000l\000f\000-\000H\000o\000s\000t\000e\000d\000\040\000O\000p\000t\000i\000o\000n\000s}{section.2}% 26
\BOOKMARK [3][-]{subsubsection.2.3.1}{\376\377\000W\000h\000i\000s\000p\000e\000r\000X}{subsection.2.3}% 27
\BOOKMARK [3][-]{subsubsection.2.3.2}{\376\377\000f\000a\000s\000t\000e\000r\000-\000w\000h\000i\000s\000p\000e\000r\000\040\000\050\000w\000i\000t\000h\000o\000u\000t\000\040\000d\000i\000a\000r\000i\000s\000a\000t\000i\000o\000n\000\051}{subsection.2.3}% 28
\BOOKMARK [2][-]{subsection.2.4}{\376\377\000T\000h\000e\000\040\000V\000o\000c\000a\000b\000u\000l\000a\000r\000y\000\040\000P\000r\000o\000b\000l\000e\000m}{section.2}% 29
\BOOKMARK [2][-]{subsection.2.5}{\376\377\000L\000a\000t\000e\000n\000c\000y\000\040\000B\000e\000n\000c\000h\000m\000a\000r\000k\000s}{section.2}% 30
\BOOKMARK [2][-]{subsection.2.6}{\376\377\000R\000e\000c\000o\000m\000m\000e\000n\000d\000a\000t\000i\000o\000n}{section.2}% 31
\BOOKMARK [1][-]{section.3}{\376\377\000S\000p\000e\000a\000k\000e\000r\000\040\000D\000i\000a\000r\000i\000z\000a\000t\000i\000o\000n\000\040\000D\000e\000e\000p\000\040\000D\000i\000v\000e}{}% 32
\BOOKMARK [2][-]{subsection.3.1}{\376\377\000W\000h\000y\000\040\000D\000i\000a\000r\000i\000z\000a\000t\000i\000o\000n\000\040\000M\000a\000t\000t\000e\000r\000s\000\040\000f\000o\000r\000\040\000K\000n\000o\000w\000l\000e\000d\000g\000e\000\040\000G\000r\000a\000p\000h\000s}{section.3}% 33
\BOOKMARK [2][-]{subsection.3.2}{\376\377\000M\000e\000t\000h\000o\000d\000s}{section.3}% 34
\BOOKMARK [3][-]{subsubsection.3.2.1}{\376\377\000A\000P\000I\000-\000B\000a\000s\000e\000d\000\040\000D\000i\000a\000r\000i\000z\000a\000t\000i\000o\000n}{subsection.3.2}% 35
\BOOKMARK [3][-]{subsubsection.3.2.2}{\376\377\000p\000y\000a\000n\000n\000o\000t\000e\000.\000a\000u\000d\000i\000o}{subsection.3.2}% 36
\BOOKMARK [2][-]{subsection.3.3}{\376\377\000A\000c\000c\000u\000r\000a\000c\000y\000\040\000C\000o\000m\000p\000a\000r\000i\000s\000o\000n}{section.3}% 37
\BOOKMARK [2][-]{subsection.3.4}{\376\377\000F\000a\000i\000l\000u\000r\000e\000\040\000M\000o\000d\000e\000s\000\040\000a\000n\000d\000\040\000F\000a\000l\000l\000b\000a\000c\000k\000s}{section.3}% 38
\BOOKMARK [3][-]{subsubsection.3.4.1}{\376\377\000F\000a\000i\000l\000u\000r\000e\000\040\000M\000o\000d\000e\000:\000\040\000I\000n\000d\000i\000s\000t\000i\000n\000g\000u\000i\000s\000h\000a\000b\000l\000e\000\040\000S\000p\000e\000a\000k\000e\000r\000s}{subsection.3.4}% 39
\BOOKMARK [3][-]{subsubsection.3.4.2}{\376\377\000F\000a\000i\000l\000u\000r\000e\000\040\000M\000o\000d\000e\000:\000\040\000L\000o\000n\000g\000\040\000M\000o\000n\000o\000l\000o\000g\000u\000e\000s}{subsection.3.4}% 40
\BOOKMARK [3][-]{subsubsection.3.4.3}{\376\377\000F\000a\000i\000l\000u\000r\000e\000\040\000M\000o\000d\000e\000:\000\040\000B\000a\000c\000k\000g\000r\000o\000u\000n\000d\000\040\000S\000p\000e\000a\000k\000e\000r\000s}{subsection.3.4}% 41
\BOOKMARK [1][-]{section.4}{\376\377\000A\000u\000d\000i\000o\000\040\000P\000o\000s\000t\000-\000P\000r\000o\000d\000u\000c\000t\000i\000o\000n\000:\000\040\000C\000l\000e\000a\000n\000u\000p\000,\000\040\000N\000o\000r\000m\000a\000l\000i\000z\000a\000t\000i\000o\000n\000,\000\040\000A\000s\000s\000e\000m\000b\000l\000y}{}% 42
\BOOKMARK [2][-]{subsection.4.1}{\376\377\000T\000h\000e\000\040\000C\000l\000e\000a\000n\000u\000p\000\040\000P\000i\000p\000e\000l\000i\000n\000e}{section.4}% 43
\BOOKMARK [2][-]{subsection.4.2}{\376\377\000A\000u\000t\000o\000m\000a\000t\000e\000d\000\040\000C\000l\000e\000a\000n\000u\000p\000\040\000T\000o\000o\000l\000s}{section.4}% 44
\BOOKMARK [3][-]{subsubsection.4.2.1}{\376\377\000A\000u\000p\000h\000o\000n\000i\000c\000\040\000A\000P\000I}{subsection.4.2}% 45
\BOOKMARK [3][-]{subsubsection.4.2.2}{\376\377\000A\000d\000o\000b\000e\000\040\000P\000o\000d\000c\000a\000s\000t\000\040\000E\000n\000h\000a\000n\000c\000e\000\040\000S\000p\000e\000e\000c\000h}{subsection.4.2}% 46
\BOOKMARK [3][-]{subsubsection.4.2.3}{\376\377\000i\000Z\000o\000t\000o\000p\000e\000\040\000R\000X}{subsection.4.2}% 47
\BOOKMARK [2][-]{subsection.4.3}{\376\377\000L\000o\000u\000d\000n\000e\000s\000s\000\040\000N\000o\000r\000m\000a\000l\000i\000z\000a\000t\000i\000o\000n\000\040\000a\000n\000d\000\040\000A\000s\000s\000e\000m\000b\000l\000y}{section.4}% 48
\BOOKMARK [2][-]{subsection.4.4}{\376\377\000R\000e\000c\000o\000m\000m\000e\000n\000d\000a\000t\000i\000o\000n}{section.4}% 49
\BOOKMARK [1][-]{section.5}{\376\377\000S\000h\000o\000w\000\040\000N\000o\000t\000e\000s\000,\000\040\000C\000h\000a\000p\000t\000e\000r\000s\000,\000\040\000a\000n\000d\000\040\000P\000o\000d\000c\000a\000s\000t\000\040\0002\000.\0000\000\040\000S\000t\000a\000n\000d\000a\000r\000d\000s}{}% 50
\BOOKMARK [2][-]{subsection.5.1}{\376\377\000A\000I\000-\000G\000e\000n\000e\000r\000a\000t\000e\000d\000\040\000M\000e\000t\000a\000d\000a\000t\000a}{section.5}% 51
\BOOKMARK [2][-]{subsection.5.2}{\376\377\000P\000o\000d\000c\000a\000s\000t\000\040\0002\000.\0000\000\040\000S\000t\000a\000n\000d\000a\000r\000d\000s}{section.5}% 52
\BOOKMARK [3][-]{subsubsection.5.2.1}{\376\377\000p\000o\000d\000c\000a\000s\000t\000:\000c\000h\000a\000p\000t\000e\000r\000s}{subsection.5.2}% 53
\BOOKMARK [3][-]{subsubsection.5.2.2}{\376\377\000p\000o\000d\000c\000a\000s\000t\000:\000t\000r\000a\000n\000s\000c\000r\000i\000p\000t}{subsection.5.2}% 54
\BOOKMARK [2][-]{subsection.5.3}{\376\377\000R\000e\000c\000o\000m\000m\000e\000n\000d\000a\000t\000i\000o\000n}{section.5}% 55
\BOOKMARK [1][-]{section.6}{\376\377\000P\000u\000b\000l\000i\000s\000h\000i\000n\000g\000\040\000a\000n\000d\000\040\000D\000i\000s\000t\000r\000i\000b\000u\000t\000i\000o\000n}{}% 56
\BOOKMARK [2][-]{subsection.6.1}{\376\377\000H\000o\000s\000t\000i\000n\000g\000\040\000P\000l\000a\000t\000f\000o\000r\000m\000s\000\040\000w\000i\000t\000h\000\040\000A\000P\000I\000s}{section.6}% 57
\BOOKMARK [3][-]{subsubsection.6.1.1}{\376\377\000B\000u\000z\000z\000s\000p\000r\000o\000u\000t}{subsection.6.1}% 58
\BOOKMARK [3][-]{subsubsection.6.1.2}{\376\377\000T\000r\000a\000n\000s\000i\000s\000t\000o\000r\000.\000f\000m\000\040\000a\000n\000d\000\040\000P\000o\000d\000b\000e\000a\000n}{subsection.6.1}% 59
\BOOKMARK [3][-]{subsubsection.6.1.3}{\376\377\000S\000p\000o\000t\000i\000f\000y\000\040\000f\000o\000r\000\040\000P\000o\000d\000c\000a\000s\000t\000e\000r\000s}{subsection.6.1}% 60
\BOOKMARK [2][-]{subsection.6.2}{\376\377\000R\000e\000c\000o\000m\000m\000e\000n\000d\000a\000t\000i\000o\000n}{section.6}% 61
\BOOKMARK [1][-]{section.7}{\376\377\000T\000h\000e\000\040\000N\000o\000o\000s\000p\000h\000e\000r\000e\000\040\000I\000n\000g\000e\000s\000t\000i\000o\000n\000\040\000P\000i\000p\000e\000l\000i\000n\000e}{}% 62
\BOOKMARK [2][-]{subsection.7.1}{\376\377\000F\000r\000o\000m\000\040\000R\000e\000c\000o\000r\000d\000i\000n\000g\000\040\000t\000o\000\040\000K\000n\000o\000w\000l\000e\000d\000g\000e\000\040\000G\000r\000a\000p\000h}{section.7}% 63
\BOOKMARK [2][-]{subsection.7.2}{\376\377\000D\000a\000t\000a\000\040\000F\000l\000o\000w}{section.7}% 64
\BOOKMARK [2][-]{subsection.7.3}{\376\377\000I\000n\000t\000e\000g\000r\000a\000t\000i\000o\000n\000\040\000w\000i\000t\000h\000\040\000N\000o\000o\000s\000p\000h\000e\000r\000e}{section.7}% 65
\BOOKMARK [2][-]{subsection.7.4}{\376\377\000C\000e\000l\000e\000r\000y\000\040\000T\000a\000s\000k\000\040\000f\000o\000r\000\040\000I\000n\000g\000e\000s\000t\000i\000o\000n}{section.7}% 66
\BOOKMARK [1][-]{section.8}{\376\377\000C\000o\000s\000t\000\040\000A\000n\000a\000l\000y\000s\000i\000s\000\040\000D\000e\000e\000p\000\040\000D\000i\000v\000e}{}% 67
\BOOKMARK [2][-]{subsection.8.1}{\376\377\000S\000c\000e\000n\000a\000r\000i\000o\000\040\0001\000:\000\040\0001\000\040\000E\000p\000i\000s\000o\000d\000e\000\040\000p\000e\000r\000\040\000W\000e\000e\000k\000\040\000\050\0005\0002\000\040\000e\000p\000i\000s\000o\000d\000e\000s\000/\000y\000e\000a\000r\000,\000\040\0005\0002\000\040\000h\000o\000u\000r\000s\000\051}{section.8}% 68
\BOOKMARK [2][-]{subsection.8.2}{\376\377\000S\000c\000e\000n\000a\000r\000i\000o\000\040\0002\000:\000\040\0002\000\040\000E\000p\000i\000s\000o\000d\000e\000s\000\040\000p\000e\000r\000\040\000W\000e\000e\000k\000\040\000\050\0001\0000\0004\000\040\000e\000p\000i\000s\000o\000d\000e\000s\000/\000y\000e\000a\000r\000,\000\040\0001\0000\0004\000\040\000h\000o\000u\000r\000s\000\051}{section.8}% 69
\BOOKMARK [2][-]{subsection.8.3}{\376\377\000S\000c\000e\000n\000a\000r\000i\000o\000\040\0003\000:\000\040\0004\000\040\000E\000p\000i\000s\000o\000d\000e\000s\000\040\000p\000e\000r\000\040\000W\000e\000e\000k\000\040\000\050\0002\0000\0008\000\040\000e\000p\000i\000s\000o\000d\000e\000s\000/\000y\000e\000a\000r\000,\000\040\0002\0000\0008\000\040\000h\000o\000u\000r\000s\000\051}{section.8}% 70
\BOOKMARK [2][-]{subsection.8.4}{\376\377\000N\000o\000t\000e\000s}{section.8}% 71
\BOOKMARK [1][-]{section.9}{\376\377\000B\000u\000i\000l\000d\000\040\000v\000s\000.\000\040\000B\000u\000y\000\040\000D\000e\000c\000i\000s\000i\000o\000n\000\040\000M\000a\000t\000r\000i\000x}{}% 72
\BOOKMARK [1][-]{section.10}{\376\377\000Q\000u\000a\000l\000i\000t\000y\000\040\000A\000s\000s\000u\000r\000a\000n\000c\000e}{}% 73
\BOOKMARK [2][-]{subsection.10.1}{\376\377\000V\000e\000r\000i\000f\000i\000c\000a\000t\000i\000o\000n\000\040\000S\000t\000e\000p\000s}{section.10}% 74
\BOOKMARK [2][-]{subsection.10.2}{\376\377\000A\000u\000t\000o\000m\000a\000t\000e\000d\000\040\000Q\000u\000a\000l\000i\000t\000y\000\040\000C\000h\000e\000c\000k\000s}{section.10}% 75
\BOOKMARK [1][-]{section.11}{\376\377\000S\000c\000a\000l\000i\000n\000g\000\040\000C\000o\000n\000s\000i\000d\000e\000r\000a\000t\000i\000o\000n\000s}{}% 76
\BOOKMARK [2][-]{subsection.11.1}{\376\377\000W\000h\000a\000t\000\040\000C\000h\000a\000n\000g\000e\000s\000\040\000a\000t\000\040\000D\000i\000f\000f\000e\000r\000e\000n\000t\000\040\000V\000o\000l\000u\000m\000e\000s\000?}{section.11}% 77
\BOOKMARK [3][-]{subsubsection.11.1.1}{\376\377\0001\040\023\0002\000\040\000E\000p\000i\000s\000o\000d\000e\000s\000\040\000p\000e\000r\000\040\000W\000e\000e\000k}{subsection.11.1}% 78
\BOOKMARK [3][-]{subsubsection.11.1.2}{\376\377\0004\040\023\0008\000\040\000E\000p\000i\000s\000o\000d\000e\000s\000\040\000p\000e\000r\000\040\000W\000e\000e\000k}{subsection.11.1}% 79
\BOOKMARK [3][-]{subsubsection.11.1.3}{\376\377\0002\0000\000+\000\040\000E\000p\000i\000s\000o\000d\000e\000s\000\040\000p\000e\000r\000\040\000W\000e\000e\000k\000\040\000\050\000M\000u\000l\000t\000i\000-\000P\000o\000d\000c\000a\000s\000t\000\040\000N\000e\000t\000w\000o\000r\000k\000\051}{subsection.11.1}% 80
\BOOKMARK [2][-]{subsection.11.2}{\376\377\000A\000r\000c\000h\000i\000t\000e\000c\000t\000u\000r\000a\000l\000\040\000C\000h\000a\000n\000g\000e\000s\000\040\000a\000t\000\040\000S\000c\000a\000l\000e}{section.11}% 81
\BOOKMARK [1][-]{section.12}{\376\377\000A\000r\000c\000h\000i\000t\000e\000c\000t\000u\000r\000e\000\040\000D\000i\000a\000g\000r\000a\000m\000s}{}% 82
\BOOKMARK [2][-]{subsection.12.1}{\376\377\000E\000n\000d\000-\000t\000o\000-\000E\000n\000d\000\040\000P\000i\000p\000e\000l\000i\000n\000e}{section.12}% 83
\BOOKMARK [2][-]{subsection.12.2}{\376\377\000C\000e\000l\000e\000r\000y\000\040\000T\000a\000s\000k\000\040\000G\000r\000a\000p\000h}{section.12}% 84
\BOOKMARK [1][-]{section.13}{\376\377\000C\000r\000i\000t\000i\000c\000a\000l\000\040\000G\000a\000p\000s\000\040\000a\000n\000d\000\040\000H\000o\000n\000e\000s\000t\000\040\000L\000i\000m\000i\000t\000a\000t\000i\000o\000n\000s}{}% 85
\BOOKMARK [2][-]{subsection.13.1}{\376\377\000N\000o\000\040\000S\000i\000n\000g\000l\000e\000\040\000P\000l\000a\000t\000f\000o\000r\000m\000\040\000C\000o\000v\000e\000r\000s\000\040\000E\000v\000e\000r\000y\000t\000h\000i\000n\000g}{section.13}% 86
\BOOKMARK [2][-]{subsection.13.2}{\376\377\000F\000i\000l\000l\000e\000r\000\040\000W\000o\000r\000d\000\040\000R\000e\000m\000o\000v\000a\000l}{section.13}% 87
\BOOKMARK [2][-]{subsection.13.3}{\376\377\000R\000e\000c\000o\000r\000d\000i\000n\000g\000\040\000S\000t\000a\000r\000t\000\040\000i\000s\000\040\000M\000a\000n\000u\000a\000l}{section.13}% 88
\BOOKMARK [2][-]{subsection.13.4}{\376\377\000P\000h\000i\000l\000o\000s\000o\000p\000h\000i\000c\000a\000l\000\040\000V\000o\000c\000a\000b\000u\000l\000a\000r\000y\000\040\000R\000e\000q\000u\000i\000r\000e\000s\000\040\000A\000c\000t\000i\000v\000e\000\040\000M\000a\000i\000n\000t\000e\000n\000a\000n\000c\000e}{section.13}% 89
\BOOKMARK [2][-]{subsection.13.5}{\376\377\000H\000u\000m\000a\000n\000\040\000A\000p\000p\000r\000o\000v\000a\000l\000\040\000B\000e\000f\000o\000r\000e\000\040\000P\000u\000b\000l\000i\000c\000a\000t\000i\000o\000n}{section.13}% 90
\BOOKMARK [2][-]{subsection.13.6}{\376\377\000E\000m\000e\000r\000g\000i\000n\000g\000\040\000C\000h\000a\000l\000l\000e\000n\000g\000e\000:\000\040\000D\000e\000e\000p\000f\000a\000k\000e\000\040\000A\000u\000d\000i\000o}{section.13}% 91
\BOOKMARK [1][-]{section.14}{\376\377\000C\000o\000n\000c\000l\000u\000s\000i\000o\000n\000\040\000a\000n\000d\000\040\000N\000e\000x\000t\000\040\000S\000t\000e\000p\000s}{}% 92
\BOOKMARK [2][-]{subsection.14.1}{\376\377\000R\000e\000c\000o\000m\000m\000e\000n\000d\000e\000d\000\040\000I\000m\000p\000l\000e\000m\000e\000n\000t\000a\000t\000i\000o\000n\000\040\000P\000a\000t\000h\000\040\000f\000o\000r\000\040\000T\000h\000e\000s\000e\000u\000s}{section.14}% 93
\BOOKMARK [2][-]{subsection.14.2}{\376\377\000C\000o\000s\000t\000\040\000a\000t\000\040\000R\000e\000c\000o\000m\000m\000e\000n\000d\000e\000d\000\040\000C\000o\000n\000f\000i\000g\000u\000r\000a\000t\000i\000o\000n}{section.14}% 94
