\BOOKMARK [1][-]{section.1}{\376\377\000T\000h\000e\000\040\000r\000e\000p\000o\000s\000i\000t\000o\000r\000y\000\040\000a\000t\000\040\000a\000\040\000g\000l\000a\000n\000c\000e}{}% 1
\BOOKMARK [1][-]{section.2}{\376\377\000N\000o\000o\000s\000p\000h\000e\000r\000e\000\040\040\024\000\040\000t\000h\000e\000\040\000e\000p\000i\000s\000t\000e\000m\000i\000c\000\040\000e\000n\000g\000i\000n\000e}{}% 2
\BOOKMARK [2][-]{subsection.2.1}{\376\377\000W\000h\000a\000t\000\040\000i\000t\000\040\000d\000o\000e\000s\000,\000\040\000f\000r\000o\000m\000\040\000t\000e\000n\000\040\000t\000h\000o\000u\000s\000a\000n\000d\000\040\000f\000e\000e\000t}{section.2}% 3
\BOOKMARK [2][-]{subsection.2.2}{\376\377\000T\000h\000e\000\040\000f\000l\000a\000t\000\040\000m\000o\000d\000u\000l\000e\000s\000\040\040\024\000\040\000t\000h\000e\000\040\000c\000o\000r\000e\000\040\000p\000i\000p\000e\000l\000i\000n\000e}{section.2}% 4
\BOOKMARK [2][-]{subsection.2.3}{\376\377\000T\000h\000e\000\040\000c\000o\000h\000e\000r\000e\000n\000c\000e\000\040\000s\000u\000b\000p\000a\000c\000k\000a\000g\000e}{section.2}% 5
\BOOKMARK [2][-]{subsection.2.4}{\376\377\000S\000u\000b\000p\000a\000c\000k\000a\000g\000e\000s}{section.2}% 6
\BOOKMARK [2][-]{subsection.2.5}{\376\377\000D\000i\000s\000t\000r\000i\000b\000u\000t\000i\000o\000n}{section.2}% 7
\BOOKMARK [1][-]{section.3}{\376\377\000D\000i\000a\000l\000e\000c\000t\000i\000c\000\040\040\024\000\040\000t\000h\000e\000\040\000l\000i\000v\000e\000\040\000c\000o\000n\000v\000e\000r\000s\000a\000t\000i\000o\000n\000\040\000a\000n\000a\000l\000y\000z\000e\000r}{}% 8
\BOOKMARK [2][-]{subsection.3.1}{\376\377\000T\000h\000e\000\040\000p\000i\000p\000e\000l\000i\000n\000e}{section.3}% 9
\BOOKMARK [2][-]{subsection.3.2}{\376\377\000T\000h\000e\000\040\000l\000i\000v\000e\000\040\000i\000n\000t\000e\000r\000l\000o\000c\000u\000t\000o\000r\000\040\000\050\000S\000P\0000\0009\000\051}{section.3}% 10
\BOOKMARK [2][-]{subsection.3.3}{\376\377\000P\000a\000i\000r\000i\000n\000g\000\040\000w\000i\000t\000h\000\040\000N\000o\000o\000s\000p\000h\000e\000r\000e}{section.3}% 11
\BOOKMARK [2][-]{subsection.3.4}{\376\377\000D\000i\000s\000t\000r\000i\000b\000u\000t\000i\000o\000n}{section.3}% 12
\BOOKMARK [1][-]{section.4}{\376\377\000T\000h\000e\000s\000e\000u\000s\000\040\000C\000o\000d\000e\000x\000\040\040\024\000\040\000t\000h\000e\000\040\000f\000o\000u\000n\000d\000e\000r\000s\000'\000\040\000c\000o\000n\000t\000r\000o\000l\000\040\000p\000l\000a\000n\000e}{}% 13
\BOOKMARK [2][-]{subsection.4.1}{\376\377\000T\000h\000e\000\040\000s\000e\000v\000e\000n\000-\000t\000a\000b\000\040\000d\000a\000s\000h\000b\000o\000a\000r\000d}{section.4}% 14
\BOOKMARK [2][-]{subsection.4.2}{\376\377\000H\000o\000w\000\040\000t\000h\000e\000\040\000C\000o\000d\000e\000x\000\040\000t\000a\000l\000k\000s\000\040\000t\000o\000\040\000N\000o\000o\000s\000p\000h\000e\000r\000e}{section.4}% 15
\BOOKMARK [2][-]{subsection.4.3}{\376\377\000D\000i\000s\000t\000r\000i\000b\000u\000t\000i\000o\000n}{section.4}% 16
\BOOKMARK [1][-]{section.5}{\376\377\000T\000h\000e\000s\000e\000u\000s\000\040\000P\000u\000b\000l\000i\000c\000\040\040\024\000\040\000t\000h\000e\000\040\000p\000u\000b\000l\000i\000c\000a\000t\000i\000o\000n\000-\000o\000n\000l\000y\000\040\000s\000i\000t\000e}{}% 17
\BOOKMARK [1][-]{section.6}{\376\377\000R\000e\000s\000e\000a\000r\000c\000h\000e\000r\000\040\000A\000P\000I\000\040\040\024\000\040\000t\000h\000e\000\040\000o\000u\000t\000s\000i\000d\000e\000-\000i\000n\000v\000e\000s\000t\000i\000g\000a\000t\000o\000r\000\040\000s\000u\000r\000f\000a\000c\000e}{}% 18
\BOOKMARK [1][-]{section.7}{\376\377\000I\000d\000e\000o\000l\000o\000g\000i\000c\000a\000l\000\040\000O\000n\000t\000o\000l\000o\000g\000y\000\040\040\024\000\040\000r\000e\000s\000e\000a\000r\000c\000h\000\040\000e\000x\000p\000e\000r\000i\000m\000e\000n\000t\000s}{}% 19
\BOOKMARK [1][-]{section.8}{\376\377\000O\000p\000e\000r\000a\000t\000i\000o\000n\000a\000l\000\040\000a\000n\000d\000\040\000d\000e\000p\000l\000o\000y\000m\000e\000n\000t\000\040\000i\000n\000f\000r\000a\000s\000t\000r\000u\000c\000t\000u\000r\000e}{}% 20
\BOOKMARK [2][-]{subsection.8.1}{\376\377\000C\000I\000/\000C\000D}{section.8}% 21
\BOOKMARK [2][-]{subsection.8.2}{\376\377\000C\000o\000d\000e\000\040\000s\000i\000g\000n\000i\000n\000g\000\040\000a\000n\000d\000\040\000n\000o\000t\000a\000r\000i\000z\000a\000t\000i\000o\000n}{section.8}% 22
\BOOKMARK [2][-]{subsection.8.3}{\376\377\000D\000e\000p\000l\000o\000y\000m\000e\000n\000t}{section.8}% 23
\BOOKMARK [1][-]{section.9}{\376\377\000W\000h\000o\000\040\000u\000s\000e\000s\000\040\000w\000h\000a\000t}{}% 24
\BOOKMARK [2][-]{subsection.9.1}{\376\377\000T\000h\000e\000\040\000o\000p\000e\000r\000a\000t\000i\000o\000n\000a\000l\000\040\000s\000u\000r\000f\000a\000c\000e\000\040\000f\000o\000r\000\040\000t\000h\000e\000\040\000f\000i\000r\000m\000\040\000i\000t\000s\000e\000l\000f}{section.9}% 25
\BOOKMARK [1][-]{section.10}{\376\377\000T\000h\000e\000\040\000t\000e\000c\000h\000n\000o\000l\000o\000g\000y\000\040\000s\000t\000a\000c\000k\000,\000\040\000s\000u\000m\000m\000a\000r\000i\000z\000e\000d}{}% 26
