\BOOKMARK [1][-]{section.1}{\376\377\000O\000v\000e\000r\000v\000i\000e\000w}{}% 1
\BOOKMARK [2][-]{subsection.1.1}{\376\377\000C\000o\000n\000t\000a\000i\000n\000e\000r\000\040\000i\000n\000v\000e\000n\000t\000o\000r\000y}{section.1}% 2
\BOOKMARK [1][-]{section.2}{\376\377\000D\000o\000c\000k\000e\000r\000f\000i\000l\000e\000\040\000a\000n\000a\000t\000o\000m\000y}{}% 3
\BOOKMARK [2][-]{subsection.2.1}{\376\377\000T\000h\000e\000s\000e\000u\000s\000\040\000C\000o\000d\000e\000x}{section.2}% 4
\BOOKMARK [2][-]{subsection.2.2}{\376\377\000T\000h\000e\000s\000e\000u\000s\000\040\000P\000u\000b\000l\000i\000c}{section.2}% 5
\BOOKMARK [2][-]{subsection.2.3}{\376\377\000.\000d\000o\000c\000k\000e\000r\000i\000g\000n\000o\000r\000e\000\040\000f\000i\000l\000e\000s}{section.2}% 6
\BOOKMARK [1][-]{section.3}{\376\377\000D\000o\000c\000k\000e\000r\000\040\000C\000o\000m\000p\000o\000s\000e}{}% 7
\BOOKMARK [2][-]{subsection.3.1}{\376\377\000R\000o\000o\000t\000\040\000c\000o\000m\000p\000o\000s\000e\000\040\000f\000i\000l\000e}{section.3}% 8
\BOOKMARK [2][-]{subsection.3.2}{\376\377\000R\000u\000n\000n\000i\000n\000g\000\040\000l\000o\000c\000a\000l\000l\000y}{section.3}% 9
\BOOKMARK [2][-]{subsection.3.3}{\376\377\000E\000x\000t\000e\000n\000d\000e\000d\000\040\000c\000o\000m\000p\000o\000s\000e\000\040\000\050\000d\000e\000p\000l\000o\000y\000/\000c\000o\000m\000p\000o\000s\000e\000/\000\051}{section.3}% 10
\BOOKMARK [1][-]{section.4}{\376\377\000B\000u\000i\000l\000d\000i\000n\000g\000\040\000i\000m\000a\000g\000e\000s}{}% 11
\BOOKMARK [2][-]{subsection.4.1}{\376\377\000L\000o\000c\000a\000l\000\040\000b\000u\000i\000l\000d\000s}{section.4}% 12
\BOOKMARK [2][-]{subsection.4.2}{\376\377\000M\000u\000l\000t\000i\000-\000p\000l\000a\000t\000f\000o\000r\000m\000\040\000b\000u\000i\000l\000d\000s}{section.4}% 13
\BOOKMARK [2][-]{subsection.4.3}{\376\377\000I\000m\000a\000g\000e\000\040\000s\000i\000z\000e\000s}{section.4}% 14
\BOOKMARK [1][-]{section.5}{\376\377\000M\000a\000n\000a\000g\000e\000d\000\040\000h\000o\000s\000t\000i\000n\000g\000\040\000\050\000T\000h\000e\000s\000e\000u\000s\000\040\000P\000u\000b\000l\000i\000c\000\040\000o\000n\000l\000y\000\051}{}% 15
\BOOKMARK [2][-]{subsection.5.1}{\376\377\000V\000e\000r\000c\000e\000l}{section.5}% 16
\BOOKMARK [2][-]{subsection.5.2}{\376\377\000N\000e\000t\000l\000i\000f\000y}{section.5}% 17
\BOOKMARK [1][-]{section.6}{\376\377\000K\000u\000b\000e\000r\000n\000e\000t\000e\000s\000\040\000\050\000H\000e\000l\000m\000\051}{}% 18
\BOOKMARK [1][-]{section.7}{\376\377\000D\000a\000t\000a\000b\000a\000s\000e\000\040\000c\000o\000n\000s\000i\000d\000e\000r\000a\000t\000i\000o\000n\000s}{}% 19
\BOOKMARK [2][-]{subsection.7.1}{\376\377\000S\000Q\000L\000i\000t\000e\000\040\000\050\000d\000e\000f\000a\000u\000l\000t\000\051}{section.7}% 20
\BOOKMARK [2][-]{subsection.7.2}{\376\377\000P\000o\000s\000t\000g\000r\000e\000S\000Q\000L\000\040\000\050\000s\000c\000a\000l\000e\000d\000\051}{section.7}% 21
\BOOKMARK [2][-]{subsection.7.3}{\376\377\000B\000a\000c\000k\000u\000p\000s}{section.7}% 22
\BOOKMARK [1][-]{section.8}{\376\377\000S\000e\000c\000u\000r\000i\000t\000y\000\040\000c\000o\000n\000s\000i\000d\000e\000r\000a\000t\000i\000o\000n\000s}{}% 23
\BOOKMARK [1][-]{section.9}{\376\377\000T\000r\000o\000u\000b\000l\000e\000s\000h\000o\000o\000t\000i\000n\000g}{}% 24
